<?xml version="1.0" encoding="UTF-8"?>
<!-- Generated by org.testng.reporters.JUnitXMLReporter -->
<testsuite ignored="0" hostname="Rio" failures="0" tests="7" name="mytest" time="11.648" errors="0" timestamp="2024-11-21T10:11:16 IST">
  <testcase classname="day42.OrangeHRMTest" name="openapp" time="6.841"/>
  <testcase classname="day42.OrangeHRMTest" name="testLogo" time="3.037"/>
  <testcase classname="day42.OrangeHRMTest" name="testLogin" time="1.47"/>
  <testcase classname="day42.OrangeHRMTest" name="closeApp" time="0.233"/>
  <testcase classname="day42.FirstTestCase" name="openapp" time="0.003"/>
  <testcase classname="day42.FirstTestCase" name="login" time="0.004"/>
  <testcase classname="day42.FirstTestCase" name="logout" time="0.004"/>
</testsuite> <!-- mytest -->
