<?xml version="1.0" encoding="UTF-8"?>
<!-- Generated by org.testng.reporters.JUnitXMLReporter -->
<testsuite ignored="0" hostname="Rio" failures="0" tests="8" name="groupingtest" time="0.066" errors="0" timestamp="2024-11-26T16:47:36 IST">
  <testcase classname="day44.LoginTests" name="loginByEmail" time="0.01"/>
  <testcase classname="day44.LoginTests" name="loginByFaceboook" time="0.001"/>
  <testcase classname="day44.LoginTests" name="loginByTwitter" time="0.0"/>
  <testcase classname="day44.SignupTests" name="signupByEmail" time="0.002"/>
  <testcase classname="day44.SignupTests" name="signupByFacebook" time="0.002"/>
  <testcase classname="day44.SignupTests" name="signupByTwitter" time="0.002"/>
  <testcase classname="day44.PaymentTests" name="paymentinRupees" time="0.001"/>
  <testcase classname="day44.PaymentTests" name="paymentinDollars" time="0.001"/>
</testsuite> <!-- groupingtest -->
