<?xml version="1.0" encoding="UTF-8"?>
<!-- Generated by org.testng.reporters.JUnitXMLReporter -->
<testsuite ignored="0" hostname="Rio" failures="1" tests="3" name="Test" time="16.713" errors="0" timestamp="2025-03-12T01:07:09 IST">
  <testcase classname="day46.OrangeHRM" name="testLogo" time="0.089"/>
  <testcase classname="day46.OrangeHRM" name="testAppURL" time="0.015">
    <failure type="java.lang.AssertionError" message="expected:&amp;lt;https://opensource-demo.orangehrmlive.com/web/index.php/auth/login&amp;gt; but was:&amp;lt;https://opensource-demo.orangehrmlive.com/&amp;gt;">
      <![CDATA[java.lang.AssertionError: expected:<https://opensource-demo.orangehrmlive.com/web/index.php/auth/login> but was:<https://opensource-demo.orangehrmlive.com/>
at day46.OrangeHRM.testAppURL(OrangeHRM.java:41)
at java.base/java.util.ArrayList.forEach(ArrayList.java:1597)
... Removed 27 stack frames]]>
    </failure>
  </testcase> <!-- testAppURL -->
  <testcase classname="day46.OrangeHRM" name="testTitle" time="0.0">
    <skipped/>
  </testcase> <!-- testTitle -->
</testsuite> <!-- Test -->
